<?xml version="1.0" encoding="UTF-8"?>
<testsuite name="it.unicam.cs.formula1.app.CircuitoTest" tests="6" skipped="0" failures="0" errors="0" timestamp="2024-08-27T23:01:03" hostname="MSI" time="0.028">
  <properties/>
  <testcase name="testIsInsideEndLine()" classname="it.unicam.cs.formula1.app.CircuitoTest" time="0.013"/>
  <testcase name="testGetEndLine()" classname="it.unicam.cs.formula1.app.CircuitoTest" time="0.001"/>
  <testcase name="testGetStartLine()" classname="it.unicam.cs.formula1.app.CircuitoTest" time="0.001"/>
  <testcase name="testGetAllPositions()" classname="it.unicam.cs.formula1.app.CircuitoTest" time="0.002"/>
  <testcase name="testIsInsideCircuit()" classname="it.unicam.cs.formula1.app.CircuitoTest" time="0.001"/>
  <testcase name="testIsInsideStartLine()" classname="it.unicam.cs.formula1.app.CircuitoTest" time="0.001"/>
  <system-out><![CDATA[]]></system-out>
  <system-err><![CDATA[]]></system-err>
</testsuite>
