<?xml version="1.0" encoding="UTF-8"?>
<testsuite name="it.unicam.cs.formula1.app.GiocatoreBaseTest" tests="4" skipped="0" failures="0" errors="0" timestamp="2024-08-28T15:03:12" hostname="MSI" time="0.004">
  <properties/>
  <testcase name="testGetSimbolo()" classname="it.unicam.cs.formula1.app.GiocatoreBaseTest" time="0.0"/>
  <testcase name="testGetPosizioneAttuale()" classname="it.unicam.cs.formula1.app.GiocatoreBaseTest" time="0.001"/>
  <testcase name="testSetUltimaMossa()" classname="it.unicam.cs.formula1.app.GiocatoreBaseTest" time="0.0"/>
  <testcase name="testSetPosizioneAttuale()" classname="it.unicam.cs.formula1.app.GiocatoreBaseTest" time="0.0"/>
  <system-out><![CDATA[]]></system-out>
  <system-err><![CDATA[]]></system-err>
</testsuite>
