<?xml version="1.0" encoding="UTF-8"?>
<testsuite name="it.unicam.cs.formula1.app.PosizioneTest" tests="6" skipped="0" failures="0" errors="0" timestamp="2024-08-28T15:03:12" hostname="MSI" time="0.009">
  <properties/>
  <testcase name="testGetX()" classname="it.unicam.cs.formula1.app.PosizioneTest" time="0.001"/>
  <testcase name="testGetY()" classname="it.unicam.cs.formula1.app.PosizioneTest" time="0.0"/>
  <testcase name="testToString()" classname="it.unicam.cs.formula1.app.PosizioneTest" time="0.001"/>
  <testcase name="testGetOttoVicini()" classname="it.unicam.cs.formula1.app.PosizioneTest" time="0.003"/>
  <testcase name="testHashCode()" classname="it.unicam.cs.formula1.app.PosizioneTest" time="0.001"/>
  <testcase name="testEquals()" classname="it.unicam.cs.formula1.app.PosizioneTest" time="0.001"/>
  <system-out><![CDATA[]]></system-out>
  <system-err><![CDATA[]]></system-err>
</testsuite>
