<?xml version="1.0" encoding="UTF-8"?>
<testsuite name="it.unicam.cs.formula1.api.PosizioneTest" tests="5" skipped="0" failures="0" errors="0" timestamp="2024-09-12T21:40:14" hostname="MSI" time="0.006">
  <properties/>
  <testcase name="testToString()" classname="it.unicam.cs.formula1.api.PosizioneTest" time="0.0"/>
  <testcase name="testHashCode()" classname="it.unicam.cs.formula1.api.PosizioneTest" time="0.0"/>
  <testcase name="testEquals()" classname="it.unicam.cs.formula1.api.PosizioneTest" time="0.001"/>
  <testcase name="testGetVicini()" classname="it.unicam.cs.formula1.api.PosizioneTest" time="0.003"/>
  <testcase name="testGetCoordinate()" classname="it.unicam.cs.formula1.api.PosizioneTest" time="0.001"/>
  <system-out><![CDATA[]]></system-out>
  <system-err><![CDATA[]]></system-err>
</testsuite>
